<?xml version="1.0" encoding="UTF-8"?>
<!-- Generated by org.testng.reporters.JUnitXMLReporter -->
<testsuite ignored="0" hostname="Kapil" failures="0" tests="4" name="Default test" time="2.579" errors="0" timestamp="2023-06-14T21:08:47 EDT">
  <testcase classname="api.test.User_test" name="test_post_user" time="1.639"/>
  <testcase classname="api.test.User_test" name="test_get_user" time="0.221"/>
  <testcase classname="api.test.User_test" name="test_update_user" time="0.365"/>
  <testcase classname="api.test.User_test" name="test_delete_user" time="0.178"/>
</testsuite> <!-- Default test -->
