<?xml version="1.0" encoding="UTF-8"?>
<!-- Generated by org.testng.reporters.JUnitXMLReporter -->
<testsuite ignored="0" hostname="Kapil" failures="0" tests="4" name="Test" time="2.888" errors="0" timestamp="2023-06-14T23:28:34 EDT">
  <testcase classname="api.test.User_test" name="test_post_user" time="1.479"/>
  <testcase classname="api.test.User_test" name="test_get_user" time="0.218"/>
  <testcase classname="api.test.User_test" name="test_update_user" time="0.4"/>
  <testcase classname="api.test.User_test" name="test_delete_user" time="0.195"/>
</testsuite> <!-- Test -->
