<?xml version="1.0" encoding="UTF-8"?>
<!-- Generated by org.testng.reporters.JUnitXMLReporter -->
<testsuite ignored="0" hostname="Kapil" failures="0" tests="4" name="Test" time="2.75" errors="0" timestamp="2023-06-15T00:58:15 EDT">
  <testcase classname="api.test.User_test" name="test_post_user" time="1.354"/>
  <testcase classname="api.test.User_test" name="test_get_user" time="0.216"/>
  <testcase classname="api.test.User_test" name="test_update_user" time="0.411"/>
  <testcase classname="api.test.User_test" name="test_delete_user" time="0.19"/>
</testsuite> <!-- Test -->
