<?xml version="1.0" encoding="UTF-8"?>
<testng-results ignored="0" total="4" passed="4" failed="0" skipped="0">
  <reporter-output>
  </reporter-output>
  <suite started-at="2023-06-14T23:28:31 EDT" name="Suite" finished-at="2023-06-14T23:28:34 EDT" duration-ms="2888">
    <groups>
    </groups>
    <test started-at="2023-06-14T23:28:31 EDT" name="Test" finished-at="2023-06-14T23:28:34 EDT" duration-ms="2888">
      <class name="api.test.User_test">
        <test-method is-config="true" signature="setup()[pri:0, instance:api.test.User_test@62150f9e]" started-at="2023-06-14T23:28:31 EDT" name="setup" finished-at="2023-06-14T23:28:31 EDT" duration-ms="380" status="PASS">
          <reporter-output>
          </reporter-output>
        </test-method> <!-- setup -->
        <test-method signature="test_post_user()[pri:1, instance:api.test.User_test@62150f9e]" started-at="2023-06-14T23:28:31 EDT" name="test_post_user" finished-at="2023-06-14T23:28:33 EDT" duration-ms="1479" status="PASS">
          <reporter-output>
          </reporter-output>
        </test-method> <!-- test_post_user -->
        <test-method signature="test_get_user()[pri:2, instance:api.test.User_test@62150f9e]" started-at="2023-06-14T23:28:33 EDT" name="test_get_user" finished-at="2023-06-14T23:28:33 EDT" duration-ms="218" status="PASS">
          <reporter-output>
          </reporter-output>
        </test-method> <!-- test_get_user -->
        <test-method signature="test_update_user()[pri:3, instance:api.test.User_test@62150f9e]" started-at="2023-06-14T23:28:33 EDT" name="test_update_user" finished-at="2023-06-14T23:28:34 EDT" duration-ms="400" status="PASS">
          <reporter-output>
          </reporter-output>
        </test-method> <!-- test_update_user -->
        <test-method signature="test_delete_user()[pri:4, instance:api.test.User_test@62150f9e]" started-at="2023-06-14T23:28:34 EDT" name="test_delete_user" finished-at="2023-06-14T23:28:34 EDT" duration-ms="195" status="PASS">
          <reporter-output>
          </reporter-output>
        </test-method> <!-- test_delete_user -->
      </class> <!-- api.test.User_test -->
    </test> <!-- Test -->
  </suite> <!-- Suite -->
</testng-results>
